<?xml version="1.0" encoding="UTF-8"?><testsuite failures="0" name="easy-coding-standard" tests="2" xmlns:xsi="http://www.w3.org/2001/XMLSchema-instance" xsi:noNamespaceSchemaLocation="https://raw.githubusercontent.com/junit-team/junit5/r5.5.1/platform-tests/src/test/resources/jenkins-junit.xsd"><testcase name="tests/Console/Output/Source/RandomFile.php"><failure type="ERROR" message="some diff" /></testcase><testcase name="tests/Console/Output/Source/RandomFile.php"><failure type="ERROR" message="some other diff" /></testcase></testsuite>
